<?xml version="1.0" encoding="UTF-8"?>
<testsuite name="AppTest" tests="1" skipped="0" failures="0" errors="0" timestamp="2022-10-30T22:42:53" hostname="DESKTOP-GARLJAI" time="0.002">
  <properties/>
  <testcase name="testAppOne" classname="AppTest" time="0.002"/>
  <system-out><![CDATA[]]></system-out>
  <system-err><![CDATA[]]></system-err>
</testsuite>
